[2017-04-04 16:49:12] serverlog.INFO: Requested info about all unicorns. [] []
[2017-04-04 16:49:12] serverlog.INFO: Requested info about all unicorns. [] []
[2017-04-04 16:49:13] serverlog.INFO: Requested info about all unicorns. [] []
[2017-04-04 16:49:22] serverlog.INFO: Requested info about: Karibisk strandponny [] []
[2017-04-04 16:49:24] serverlog.INFO: Requested info about all unicorns. [] []
[2017-04-04 16:49:25] serverlog.INFO: Requested info about: Transsylvansk kortsvans [] []
[2017-04-04 16:58:57] serverlog.INFO: Requested info about all unicorns. [] []
[2017-04-04 16:59:17] serverlog.INFO: Requested info about:  [] []
[2017-04-04 16:59:23] serverlog.INFO: Requested info about: Nordsvensk travhörning [] []
[2017-04-04 17:00:01] serverlog.INFO: Requested info about: Nordsvensk travhörning [] []
[2017-04-04 17:00:02] serverlog.INFO: Requested info about: Nordsvensk travhörning [] []
[2017-04-04 17:00:06] serverlog.INFO: Requested info about all unicorns. [] []
[2017-04-04 17:00:56] serverlog.INFO: Requested info about: Nordsvensk travhörning [] []
[2017-04-04 17:04:15] serverlog.INFO: Requested info about: Nordsvensk travhörning [] []
[2017-04-04 17:04:27] serverlog.INFO: Requested info about: Nordsvensk travhörning [] []
[2017-04-04 17:04:40] serverlog.INFO: Requested info about: Nordsvensk travhörning [] []
[2017-04-04 17:05:04] serverlog.INFO: Requested info about: Nordsvensk travhörning [] []
[2017-04-04 17:08:45] serverlog.INFO: Requested info about: Nordsvensk travhörning [] []
[2017-04-04 17:15:36] serverlog.INFO: Requested info about all unicorns. [] []
[2017-04-04 17:15:42] serverlog.INFO: Requested info about all unicorns. [] []
[2017-04-04 17:15:43] serverlog.INFO: Requested info about all unicorns. [] []
[2017-04-04 17:15:46] serverlog.INFO: Requested info about all unicorns. [] []
[2017-04-04 17:16:29] serverlog.INFO: Requested info about all unicorns. [] []
[2017-04-04 17:17:20] serverlog.INFO: Requested info about all unicorns. [] []
[2017-04-04 17:17:21] serverlog.INFO: Requested info about all unicorns. [] []
[2017-04-04 17:17:22] serverlog.INFO: Requested info about all unicorns. [] []
[2017-04-04 17:17:22] serverlog.INFO: Requested info about all unicorns. [] []
[2017-04-04 17:17:23] serverlog.INFO: Requested info about all unicorns. [] []
[2017-04-04 17:17:23] serverlog.INFO: Requested info about all unicorns. [] []
[2017-04-04 17:19:19] serverlog.INFO: Requested info about all unicorns. [] []
[2017-04-04 17:19:21] serverlog.INFO: Requested info about all unicorns. [] []
[2017-04-04 17:20:16] serverlog.INFO: Requested info about all unicorns. [] []
[2017-04-04 17:20:44] serverlog.INFO: Requested info about all unicorns. [] []
[2017-04-04 17:20:56] serverlog.INFO: Requested info about all unicorns. [] []
[2017-04-04 17:20:57] serverlog.INFO: Requested info about: Karibisk strandponny [] []
[2017-04-04 17:21:03] serverlog.INFO: Requested info about all unicorns. [] []
[2017-04-04 17:21:07] serverlog.INFO: Requested info about all unicorns. [] []
[2017-04-04 17:21:25] serverlog.INFO: Requested info about all unicorns. [] []
[2017-04-04 17:21:31] serverlog.INFO: Requested info about all unicorns. [] []
[2017-04-04 17:21:38] serverlog.INFO: Requested info about all unicorns. [] []
[2017-04-04 17:21:40] serverlog.INFO: Requested info about all unicorns. [] []
[2017-04-04 17:22:20] serverlog.INFO: Requested info about all unicorns. [] []
[2017-04-04 17:22:23] serverlog.INFO: Requested info about all unicorns. [] []
[2017-04-04 17:22:25] serverlog.INFO: Requested info about: Karibisk strandponny [] []
[2017-04-04 17:22:32] serverlog.INFO: Requested info about all unicorns. [] []
[2017-04-04 17:24:49] serverlog.INFO: Requested info about all unicorns. [] []
[2017-04-04 17:24:50] serverlog.INFO: Requested info about all unicorns. [] []
[2017-04-04 17:24:50] serverlog.INFO: Requested info about all unicorns. [] []
[2017-04-04 17:24:51] serverlog.INFO: Requested info about all unicorns. [] []
[2017-04-04 17:24:51] serverlog.INFO: Requested info about all unicorns. [] []
[2017-04-04 17:25:14] serverlog.INFO: Requested info about all unicorns. [] []
[2017-04-04 17:25:15] serverlog.INFO: Requested info about all unicorns. [] []
[2017-04-04 17:25:44] serverlog.INFO: Requested info about all unicorns. [] []
[2017-04-04 17:25:45] serverlog.INFO: Requested info about all unicorns. [] []
[2017-04-04 17:25:46] serverlog.INFO: Requested info about all unicorns. [] []
[2017-04-04 17:25:46] serverlog.INFO: Requested info about all unicorns. [] []
[2017-04-04 17:25:58] serverlog.INFO: Requested info about all unicorns. [] []
[2017-04-04 17:26:19] serverlog.INFO: Requested info about all unicorns. [] []
[2017-04-04 17:26:20] serverlog.INFO: Requested info about: Karibisk strandponny [] []
[2017-04-04 17:26:22] serverlog.INFO: Requested info about all unicorns. [] []
[2017-04-04 17:26:24] serverlog.INFO: Requested info about: Småväxt enhörning [] []
[2017-04-04 17:26:54] serverlog.INFO: Requested info about: Småväxt enhörning [] []
[2017-04-04 17:26:54] serverlog.INFO: Requested info about all unicorns. [] []
[2017-04-04 17:26:57] serverlog.INFO: Requested info about: Eventuellt fejkad enhörning [] []
[2017-04-04 17:27:02] serverlog.INFO: Requested info about all unicorns. [] []
[2017-04-04 17:27:05] serverlog.INFO: Requested info about: Karibisk strandponny [] []
[2017-04-04 17:27:48] serverlog.INFO: Requested info about: Mulfläckad enhörning [] []
[2017-04-04 17:27:54] serverlog.INFO: Requested info about: Fransk vågman [] []
[2017-04-04 17:27:57] serverlog.INFO: Requested info about:  [] []
[2017-04-04 17:31:26] serverlog.INFO: Requested info about: Nordsvensk travhörning [] []
[2017-04-04 17:31:32] serverlog.INFO: Requested info about all unicorns. [] []
[2017-04-04 17:36:08] serverlog.INFO: Requested info about all unicorns. [] []
[2017-04-04 17:36:10] serverlog.INFO: Requested info about: Karibisk strandponny [] []
[2017-04-04 17:36:59] serverlog.INFO: Requested info about all unicorns. [] []
[2017-04-04 17:37:03] serverlog.INFO: Requested info about all unicorns. [] []
[2017-04-04 17:42:26] serverlog.INFO: Requested info about all unicorns. [] []
[2017-04-04 17:42:29] serverlog.INFO: Requested info about: Karibisk strandponny [] []
[2017-04-04 17:47:54] serverlog.INFO: Requested info about all unicorns. [] []
[2017-04-04 17:48:02] serverlog.INFO: Requested info about: Karibisk strandponny [] []
[2017-04-04 17:53:58] serverlog.INFO: Requested info about all unicorns. [] []
[2017-04-04 17:54:00] serverlog.INFO: Requested info about: Nordsvensk travhörning [] []
[2017-04-04 17:54:02] serverlog.INFO: Requested info about all unicorns. [] []
[2017-04-04 17:54:04] serverlog.INFO: Requested info about: Nattaktiv hornlöpare [] []
[2017-04-04 17:54:07] serverlog.INFO: Requested info about: Mulfläckad enhörning [] []
[2017-04-04 17:57:51] serverlog.INFO: Requested info about: Mulfläckad enhörning [] []
[2017-04-04 17:58:01] serverlog.INFO: Requested info about all unicorns. [] []
[2017-04-06 10:34:52] serverlog.INFO: Requested info about all unicorns. [] []
[2017-04-06 10:35:03] serverlog.INFO: Requested info about: Indisk enhörning [] []
[2017-04-06 10:47:27] serverlog.INFO: Requested info about all unicorns. [] []
